  Action_Reproduce.cpp
C:\Users\Mikhakuv\Desktop\Shkola\infa\C++\Ecosystem third step\Ecosystem third step\Action_Move.h(10,49): warning C4244: 'initializing': conversion from 'int' to 'float', possible loss of data
C:\Users\Mikhakuv\Desktop\Shkola\infa\C++\Ecosystem third step\Ecosystem third step\Action_Move.h(10,55): warning C4244: 'initializing': conversion from 'int' to 'float', possible loss of data
C:\Users\Mikhakuv\Desktop\Shkola\infa\C++\Ecosystem third step\Ecosystem third step\Nature.h(40,16): warning C4244: 'return': conversion from 'const float' to 'int', possible loss of data
C:\Users\Mikhakuv\Desktop\Shkola\infa\C++\Ecosystem third step\Ecosystem third step\Nature.h(44,16): warning C4244: 'return': conversion from 'const float' to 'int', possible loss of data
C:\Users\Mikhakuv\Desktop\Shkola\infa\C++\Ecosystem third step\Ecosystem third step\Wolf.h(6,29): warning C4305: 'initializing': truncation from 'double' to 'const float'
C:\Users\Mikhakuv\Desktop\Shkola\infa\C++\Ecosystem third step\Ecosystem third step\Hare.h(6,29): warning C4305: 'initializing': truncation from 'double' to 'const float'
C:\Users\Mikhakuv\Desktop\Shkola\infa\C++\Ecosystem third step\Ecosystem third step\Cabbage.h(9,33): warning C4305: 'initializing': truncation from 'double' to 'const float'
C:\Users\Mikhakuv\Desktop\Shkola\infa\C++\Ecosystem third step\Ecosystem third step\Action_Reproduce.cpp(11,20): warning C4244: 'initializing': conversion from 'int' to 'float', possible loss of data
C:\Users\Mikhakuv\Desktop\Shkola\infa\C++\Ecosystem third step\Ecosystem third step\Action_Reproduce.cpp(12,20): warning C4244: 'initializing': conversion from 'int' to 'float', possible loss of data
C:\Users\Mikhakuv\Desktop\Shkola\infa\C++\Ecosystem third step\Ecosystem third step\Action_Reproduce.cpp(27,17): warning C4244: 'initializing': conversion from 'double' to 'float', possible loss of data
C:\Users\Mikhakuv\Desktop\Shkola\infa\C++\Ecosystem third step\Ecosystem third step\Action_Reproduce.cpp(28,17): warning C4244: 'initializing': conversion from 'double' to 'float', possible loss of data
  Area.cpp
C:\Users\Mikhakuv\Desktop\Shkola\infa\C++\Ecosystem third step\Ecosystem third step\Action_Move.h(10,49): warning C4244: 'initializing': conversion from 'int' to 'float', possible loss of data
C:\Users\Mikhakuv\Desktop\Shkola\infa\C++\Ecosystem third step\Ecosystem third step\Action_Move.h(10,55): warning C4244: 'initializing': conversion from 'int' to 'float', possible loss of data
C:\Users\Mikhakuv\Desktop\Shkola\infa\C++\Ecosystem third step\Ecosystem third step\Nature.h(40,16): warning C4244: 'return': conversion from 'const float' to 'int', possible loss of data
C:\Users\Mikhakuv\Desktop\Shkola\infa\C++\Ecosystem third step\Ecosystem third step\Nature.h(44,16): warning C4244: 'return': conversion from 'const float' to 'int', possible loss of data
C:\Users\Mikhakuv\Desktop\Shkola\infa\C++\Ecosystem third step\Ecosystem third step\Wolf.h(6,29): warning C4305: 'initializing': truncation from 'double' to 'const float'
C:\Users\Mikhakuv\Desktop\Shkola\infa\C++\Ecosystem third step\Ecosystem third step\Hare.h(6,29): warning C4305: 'initializing': truncation from 'double' to 'const float'
C:\Users\Mikhakuv\Desktop\Shkola\infa\C++\Ecosystem third step\Ecosystem third step\Cabbage.h(9,33): warning C4305: 'initializing': truncation from 'double' to 'const float'
C:\Users\Mikhakuv\Desktop\Shkola\infa\C++\Ecosystem third step\Ecosystem third step\Area.cpp(19,12): warning C4244: 'argument': conversion from 'time_t' to 'unsigned int', possible loss of data
C:\Users\Mikhakuv\Desktop\Shkola\infa\C++\Ecosystem third step\Ecosystem third step\Area.cpp(22,11): warning C4244: 'initializing': conversion from 'double' to 'float', possible loss of data
C:\Users\Mikhakuv\Desktop\Shkola\infa\C++\Ecosystem third step\Ecosystem third step\Area.cpp(23,11): warning C4244: 'initializing': conversion from 'double' to 'float', possible loss of data
C:\Users\Mikhakuv\Desktop\Shkola\infa\C++\Ecosystem third step\Ecosystem third step\Area.cpp(29,11): warning C4244: 'initializing': conversion from 'double' to 'float', possible loss of data
C:\Users\Mikhakuv\Desktop\Shkola\infa\C++\Ecosystem third step\Ecosystem third step\Area.cpp(30,11): warning C4244: 'initializing': conversion from 'double' to 'float', possible loss of data
C:\Users\Mikhakuv\Desktop\Shkola\infa\C++\Ecosystem third step\Ecosystem third step\Area.cpp(36,11): warning C4244: 'initializing': conversion from 'double' to 'float', possible loss of data
C:\Users\Mikhakuv\Desktop\Shkola\infa\C++\Ecosystem third step\Ecosystem third step\Area.cpp(37,11): warning C4244: 'initializing': conversion from 'double' to 'float', possible loss of data
  Cabbage.cpp
C:\Users\Mikhakuv\Desktop\Shkola\infa\C++\Ecosystem third step\Ecosystem third step\Action_Move.h(10,49): warning C4244: 'initializing': conversion from 'int' to 'float', possible loss of data
C:\Users\Mikhakuv\Desktop\Shkola\infa\C++\Ecosystem third step\Ecosystem third step\Action_Move.h(10,55): warning C4244: 'initializing': conversion from 'int' to 'float', possible loss of data
C:\Users\Mikhakuv\Desktop\Shkola\infa\C++\Ecosystem third step\Ecosystem third step\Nature.h(40,16): warning C4244: 'return': conversion from 'const float' to 'int', possible loss of data
C:\Users\Mikhakuv\Desktop\Shkola\infa\C++\Ecosystem third step\Ecosystem third step\Nature.h(44,16): warning C4244: 'return': conversion from 'const float' to 'int', possible loss of data
C:\Users\Mikhakuv\Desktop\Shkola\infa\C++\Ecosystem third step\Ecosystem third step\Cabbage.h(9,33): warning C4305: 'initializing': truncation from 'double' to 'const float'
  Ecosystem third step.cpp
C:\Users\Mikhakuv\Desktop\Shkola\infa\C++\Ecosystem third step\Ecosystem third step\Action_Move.h(10,49): warning C4244: 'initializing': conversion from 'int' to 'float', possible loss of data
C:\Users\Mikhakuv\Desktop\Shkola\infa\C++\Ecosystem third step\Ecosystem third step\Action_Move.h(10,55): warning C4244: 'initializing': conversion from 'int' to 'float', possible loss of data
C:\Users\Mikhakuv\Desktop\Shkola\infa\C++\Ecosystem third step\Ecosystem third step\Nature.h(40,16): warning C4244: 'return': conversion from 'const float' to 'int', possible loss of data
C:\Users\Mikhakuv\Desktop\Shkola\infa\C++\Ecosystem third step\Ecosystem third step\Nature.h(44,16): warning C4244: 'return': conversion from 'const float' to 'int', possible loss of data
C:\Users\Mikhakuv\Desktop\Shkola\infa\C++\Ecosystem third step\Ecosystem third step\Wolf.h(6,29): warning C4305: 'initializing': truncation from 'double' to 'const float'
C:\Users\Mikhakuv\Desktop\Shkola\infa\C++\Ecosystem third step\Ecosystem third step\Hare.h(6,29): warning C4305: 'initializing': truncation from 'double' to 'const float'
C:\Users\Mikhakuv\Desktop\Shkola\infa\C++\Ecosystem third step\Ecosystem third step\Cabbage.h(9,33): warning C4305: 'initializing': truncation from 'double' to 'const float'
  Hare.cpp
C:\Users\Mikhakuv\Desktop\Shkola\infa\C++\Ecosystem third step\Ecosystem third step\Action_Move.h(10,49): warning C4244: 'initializing': conversion from 'int' to 'float', possible loss of data
C:\Users\Mikhakuv\Desktop\Shkola\infa\C++\Ecosystem third step\Ecosystem third step\Action_Move.h(10,55): warning C4244: 'initializing': conversion from 'int' to 'float', possible loss of data
C:\Users\Mikhakuv\Desktop\Shkola\infa\C++\Ecosystem third step\Ecosystem third step\Nature.h(40,16): warning C4244: 'return': conversion from 'const float' to 'int', possible loss of data
C:\Users\Mikhakuv\Desktop\Shkola\infa\C++\Ecosystem third step\Ecosystem third step\Nature.h(44,16): warning C4244: 'return': conversion from 'const float' to 'int', possible loss of data
C:\Users\Mikhakuv\Desktop\Shkola\infa\C++\Ecosystem third step\Ecosystem third step\Hare.h(6,29): warning C4305: 'initializing': truncation from 'double' to 'const float'
C:\Users\Mikhakuv\Desktop\Shkola\infa\C++\Ecosystem third step\Ecosystem third step\Hare.cpp(11,17): warning C4244: '=': conversion from 'double' to 'float', possible loss of data
C:\Users\Mikhakuv\Desktop\Shkola\infa\C++\Ecosystem third step\Ecosystem third step\Hare.cpp(21,34): warning C4244: '=': conversion from 'double' to 'float', possible loss of data
C:\Users\Mikhakuv\Desktop\Shkola\infa\C++\Ecosystem third step\Ecosystem third step\Hare.cpp(22,34): warning C4244: '=': conversion from 'double' to 'float', possible loss of data
C:\Users\Mikhakuv\Desktop\Shkola\infa\C++\Ecosystem third step\Ecosystem third step\Hare.cpp(23,18): warning C4244: '=': conversion from 'double' to 'float', possible loss of data
C:\Users\Mikhakuv\Desktop\Shkola\infa\C++\Ecosystem third step\Ecosystem third step\Hare.cpp(55,18): warning C4244: 'initializing': conversion from 'int' to 'float', possible loss of data
C:\Users\Mikhakuv\Desktop\Shkola\infa\C++\Ecosystem third step\Ecosystem third step\Hare.cpp(56,18): warning C4244: 'initializing': conversion from 'int' to 'float', possible loss of data
C:\Users\Mikhakuv\Desktop\Shkola\infa\C++\Ecosystem third step\Ecosystem third step\Hare.cpp(62,29): warning C4244: 'initializing': conversion from 'int' to 'float', possible loss of data
C:\Users\Mikhakuv\Desktop\Shkola\infa\C++\Ecosystem third step\Ecosystem third step\Hare.cpp(63,29): warning C4244: 'initializing': conversion from 'int' to 'float', possible loss of data
C:\Users\Mikhakuv\Desktop\Shkola\infa\C++\Ecosystem third step\Ecosystem third step\Hare.cpp(76,29): warning C4244: 'initializing': conversion from 'double' to 'float', possible loss of data
C:\Users\Mikhakuv\Desktop\Shkola\infa\C++\Ecosystem third step\Ecosystem third step\Hare.cpp(77,29): warning C4244: 'initializing': conversion from 'double' to 'float', possible loss of data
C:\Users\Mikhakuv\Desktop\Shkola\infa\C++\Ecosystem third step\Ecosystem third step\Hare.cpp(78,29): warning C4244: 'initializing': conversion from 'double' to 'float', possible loss of data
C:\Users\Mikhakuv\Desktop\Shkola\infa\C++\Ecosystem third step\Ecosystem third step\Hare.cpp(79,29): warning C4244: 'initializing': conversion from 'double' to 'float', possible loss of data
C:\Users\Mikhakuv\Desktop\Shkola\infa\C++\Ecosystem third step\Ecosystem third step\Hare.cpp(92,29): warning C4244: 'initializing': conversion from 'int' to 'float', possible loss of data
C:\Users\Mikhakuv\Desktop\Shkola\infa\C++\Ecosystem third step\Ecosystem third step\Hare.cpp(93,29): warning C4244: 'initializing': conversion from 'int' to 'float', possible loss of data
C:\Users\Mikhakuv\Desktop\Shkola\infa\C++\Ecosystem third step\Ecosystem third step\Hare.cpp(106,29): warning C4244: 'initializing': conversion from 'double' to 'float', possible loss of data
C:\Users\Mikhakuv\Desktop\Shkola\infa\C++\Ecosystem third step\Ecosystem third step\Hare.cpp(107,29): warning C4244: 'initializing': conversion from 'double' to 'float', possible loss of data
C:\Users\Mikhakuv\Desktop\Shkola\infa\C++\Ecosystem third step\Ecosystem third step\Hare.cpp(108,29): warning C4244: 'initializing': conversion from 'double' to 'float', possible loss of data
C:\Users\Mikhakuv\Desktop\Shkola\infa\C++\Ecosystem third step\Ecosystem third step\Hare.cpp(109,29): warning C4244: 'initializing': conversion from 'double' to 'float', possible loss of data
C:\Users\Mikhakuv\Desktop\Shkola\infa\C++\Ecosystem third step\Ecosystem third step\Hare.cpp(112,95): warning C4244: 'argument': conversion from 'float' to 'int', possible loss of data
C:\Users\Mikhakuv\Desktop\Shkola\infa\C++\Ecosystem third step\Ecosystem third step\Hare.cpp(112,75): warning C4244: 'argument': conversion from 'float' to 'int', possible loss of data
C:\Users\Mikhakuv\Desktop\Shkola\infa\C++\Ecosystem third step\Ecosystem third step\Hare.cpp(117,104): warning C4244: 'argument': conversion from 'float' to 'int', possible loss of data
C:\Users\Mikhakuv\Desktop\Shkola\infa\C++\Ecosystem third step\Ecosystem third step\Hare.cpp(117,84): warning C4244: 'argument': conversion from 'float' to 'int', possible loss of data
C:\Users\Mikhakuv\Desktop\Shkola\infa\C++\Ecosystem third step\Ecosystem third step\Hare.cpp(122,104): warning C4244: 'argument': conversion from 'float' to 'int', possible loss of data
C:\Users\Mikhakuv\Desktop\Shkola\infa\C++\Ecosystem third step\Ecosystem third step\Hare.cpp(122,75): warning C4244: 'argument': conversion from 'float' to 'int', possible loss of data
C:\Users\Mikhakuv\Desktop\Shkola\infa\C++\Ecosystem third step\Ecosystem third step\Hare.cpp(127,113): warning C4244: 'argument': conversion from 'float' to 'int', possible loss of data
C:\Users\Mikhakuv\Desktop\Shkola\infa\C++\Ecosystem third step\Ecosystem third step\Hare.cpp(127,84): warning C4244: 'argument': conversion from 'float' to 'int', possible loss of data
C:\Users\Mikhakuv\Desktop\Shkola\infa\C++\Ecosystem third step\Ecosystem third step\Hare.cpp(133,14): warning C4244: 'initializing': conversion from 'double' to 'float', possible loss of data
C:\Users\Mikhakuv\Desktop\Shkola\infa\C++\Ecosystem third step\Ecosystem third step\Hare.cpp(134,14): warning C4244: 'initializing': conversion from 'double' to 'float', possible loss of data
C:\Users\Mikhakuv\Desktop\Shkola\infa\C++\Ecosystem third step\Ecosystem third step\Hare.cpp(135,57): warning C4244: 'argument': conversion from 'float' to 'int', possible loss of data
C:\Users\Mikhakuv\Desktop\Shkola\infa\C++\Ecosystem third step\Ecosystem third step\Hare.cpp(135,53): warning C4244: 'argument': conversion from 'float' to 'int', possible loss of data
  Test.cpp
C:\Users\Mikhakuv\Desktop\Shkola\infa\C++\Ecosystem third step\Ecosystem third step\Action_Move.h(10,49): warning C4244: 'initializing': conversion from 'int' to 'float', possible loss of data
C:\Users\Mikhakuv\Desktop\Shkola\infa\C++\Ecosystem third step\Ecosystem third step\Action_Move.h(10,55): warning C4244: 'initializing': conversion from 'int' to 'float', possible loss of data
C:\Users\Mikhakuv\Desktop\Shkola\infa\C++\Ecosystem third step\Ecosystem third step\Nature.h(40,16): warning C4244: 'return': conversion from 'const float' to 'int', possible loss of data
C:\Users\Mikhakuv\Desktop\Shkola\infa\C++\Ecosystem third step\Ecosystem third step\Nature.h(44,16): warning C4244: 'return': conversion from 'const float' to 'int', possible loss of data
C:\Users\Mikhakuv\Desktop\Shkola\infa\C++\Ecosystem third step\Ecosystem third step\Wolf.h(6,29): warning C4305: 'initializing': truncation from 'double' to 'const float'
C:\Users\Mikhakuv\Desktop\Shkola\infa\C++\Ecosystem third step\Ecosystem third step\Hare.h(6,29): warning C4305: 'initializing': truncation from 'double' to 'const float'
C:\Users\Mikhakuv\Desktop\Shkola\infa\C++\Ecosystem third step\Ecosystem third step\Cabbage.h(9,33): warning C4305: 'initializing': truncation from 'double' to 'const float'
C:\Users\Mikhakuv\Desktop\Shkola\infa\C++\Ecosystem third step\Ecosystem third step\Test.cpp(19,35): warning C4244: '=': conversion from 'double' to 'float', possible loss of data
C:\Users\Mikhakuv\Desktop\Shkola\infa\C++\Ecosystem third step\Ecosystem third step\Test.cpp(41,24): warning C4305: 'argument': truncation from 'double' to 'float'
C:\Users\Mikhakuv\Desktop\Shkola\infa\C++\Ecosystem third step\Ecosystem third step\Test.cpp(68,35): warning C4244: '=': conversion from 'double' to 'float', possible loss of data
C:\Users\Mikhakuv\Desktop\Shkola\infa\C++\Ecosystem third step\Ecosystem third step\Test.cpp(90,24): warning C4305: 'argument': truncation from 'double' to 'float'
C:\Users\Mikhakuv\Desktop\Shkola\infa\C++\Ecosystem third step\Ecosystem third step\Test.cpp(121,24): warning C4305: 'argument': truncation from 'double' to 'float'
  Wolf.cpp
C:\Users\Mikhakuv\Desktop\Shkola\infa\C++\Ecosystem third step\Ecosystem third step\Action_Move.h(10,49): warning C4244: 'initializing': conversion from 'int' to 'float', possible loss of data
C:\Users\Mikhakuv\Desktop\Shkola\infa\C++\Ecosystem third step\Ecosystem third step\Action_Move.h(10,55): warning C4244: 'initializing': conversion from 'int' to 'float', possible loss of data
C:\Users\Mikhakuv\Desktop\Shkola\infa\C++\Ecosystem third step\Ecosystem third step\Nature.h(40,16): warning C4244: 'return': conversion from 'const float' to 'int', possible loss of data
C:\Users\Mikhakuv\Desktop\Shkola\infa\C++\Ecosystem third step\Ecosystem third step\Nature.h(44,16): warning C4244: 'return': conversion from 'const float' to 'int', possible loss of data
C:\Users\Mikhakuv\Desktop\Shkola\infa\C++\Ecosystem third step\Ecosystem third step\Wolf.h(6,29): warning C4305: 'initializing': truncation from 'double' to 'const float'
C:\Users\Mikhakuv\Desktop\Shkola\infa\C++\Ecosystem third step\Ecosystem third step\Wolf.cpp(11,17): warning C4244: '=': conversion from 'double' to 'float', possible loss of data
C:\Users\Mikhakuv\Desktop\Shkola\infa\C++\Ecosystem third step\Ecosystem third step\Wolf.cpp(21,34): warning C4244: '=': conversion from 'double' to 'float', possible loss of data
C:\Users\Mikhakuv\Desktop\Shkola\infa\C++\Ecosystem third step\Ecosystem third step\Wolf.cpp(22,34): warning C4244: '=': conversion from 'double' to 'float', possible loss of data
C:\Users\Mikhakuv\Desktop\Shkola\infa\C++\Ecosystem third step\Ecosystem third step\Wolf.cpp(23,18): warning C4244: '=': conversion from 'double' to 'float', possible loss of data
C:\Users\Mikhakuv\Desktop\Shkola\infa\C++\Ecosystem third step\Ecosystem third step\Wolf.cpp(55,18): warning C4244: 'initializing': conversion from 'int' to 'float', possible loss of data
C:\Users\Mikhakuv\Desktop\Shkola\infa\C++\Ecosystem third step\Ecosystem third step\Wolf.cpp(56,18): warning C4244: 'initializing': conversion from 'int' to 'float', possible loss of data
C:\Users\Mikhakuv\Desktop\Shkola\infa\C++\Ecosystem third step\Ecosystem third step\Wolf.cpp(62,26): warning C4244: 'initializing': conversion from 'int' to 'float', possible loss of data
C:\Users\Mikhakuv\Desktop\Shkola\infa\C++\Ecosystem third step\Ecosystem third step\Wolf.cpp(63,26): warning C4244: 'initializing': conversion from 'int' to 'float', possible loss of data
C:\Users\Mikhakuv\Desktop\Shkola\infa\C++\Ecosystem third step\Ecosystem third step\Wolf.cpp(76,29): warning C4244: 'initializing': conversion from 'double' to 'float', possible loss of data
C:\Users\Mikhakuv\Desktop\Shkola\infa\C++\Ecosystem third step\Ecosystem third step\Wolf.cpp(77,29): warning C4244: 'initializing': conversion from 'double' to 'float', possible loss of data
C:\Users\Mikhakuv\Desktop\Shkola\infa\C++\Ecosystem third step\Ecosystem third step\Wolf.cpp(78,29): warning C4244: 'initializing': conversion from 'double' to 'float', possible loss of data
C:\Users\Mikhakuv\Desktop\Shkola\infa\C++\Ecosystem third step\Ecosystem third step\Wolf.cpp(79,29): warning C4244: 'initializing': conversion from 'double' to 'float', possible loss of data
C:\Users\Mikhakuv\Desktop\Shkola\infa\C++\Ecosystem third step\Ecosystem third step\Wolf.cpp(92,26): warning C4244: 'initializing': conversion from 'int' to 'float', possible loss of data
C:\Users\Mikhakuv\Desktop\Shkola\infa\C++\Ecosystem third step\Ecosystem third step\Wolf.cpp(93,26): warning C4244: 'initializing': conversion from 'int' to 'float', possible loss of data
C:\Users\Mikhakuv\Desktop\Shkola\infa\C++\Ecosystem third step\Ecosystem third step\Wolf.cpp(106,29): warning C4244: 'initializing': conversion from 'double' to 'float', possible loss of data
C:\Users\Mikhakuv\Desktop\Shkola\infa\C++\Ecosystem third step\Ecosystem third step\Wolf.cpp(107,29): warning C4244: 'initializing': conversion from 'double' to 'float', possible loss of data
C:\Users\Mikhakuv\Desktop\Shkola\infa\C++\Ecosystem third step\Ecosystem third step\Wolf.cpp(108,29): warning C4244: 'initializing': conversion from 'double' to 'float', possible loss of data
C:\Users\Mikhakuv\Desktop\Shkola\infa\C++\Ecosystem third step\Ecosystem third step\Wolf.cpp(109,29): warning C4244: 'initializing': conversion from 'double' to 'float', possible loss of data
C:\Users\Mikhakuv\Desktop\Shkola\infa\C++\Ecosystem third step\Ecosystem third step\Wolf.cpp(112,89): warning C4244: 'argument': conversion from 'float' to 'int', possible loss of data
C:\Users\Mikhakuv\Desktop\Shkola\infa\C++\Ecosystem third step\Ecosystem third step\Wolf.cpp(112,72): warning C4244: 'argument': conversion from 'float' to 'int', possible loss of data
C:\Users\Mikhakuv\Desktop\Shkola\infa\C++\Ecosystem third step\Ecosystem third step\Wolf.cpp(117,98): warning C4244: 'argument': conversion from 'float' to 'int', possible loss of data
C:\Users\Mikhakuv\Desktop\Shkola\infa\C++\Ecosystem third step\Ecosystem third step\Wolf.cpp(117,81): warning C4244: 'argument': conversion from 'float' to 'int', possible loss of data
C:\Users\Mikhakuv\Desktop\Shkola\infa\C++\Ecosystem third step\Ecosystem third step\Wolf.cpp(122,98): warning C4244: 'argument': conversion from 'float' to 'int', possible loss of data
C:\Users\Mikhakuv\Desktop\Shkola\infa\C++\Ecosystem third step\Ecosystem third step\Wolf.cpp(122,72): warning C4244: 'argument': conversion from 'float' to 'int', possible loss of data
C:\Users\Mikhakuv\Desktop\Shkola\infa\C++\Ecosystem third step\Ecosystem third step\Wolf.cpp(127,107): warning C4244: 'argument': conversion from 'float' to 'int', possible loss of data
C:\Users\Mikhakuv\Desktop\Shkola\infa\C++\Ecosystem third step\Ecosystem third step\Wolf.cpp(127,81): warning C4244: 'argument': conversion from 'float' to 'int', possible loss of data
C:\Users\Mikhakuv\Desktop\Shkola\infa\C++\Ecosystem third step\Ecosystem third step\Wolf.cpp(133,14): warning C4244: 'initializing': conversion from 'double' to 'float', possible loss of data
C:\Users\Mikhakuv\Desktop\Shkola\infa\C++\Ecosystem third step\Ecosystem third step\Wolf.cpp(134,14): warning C4244: 'initializing': conversion from 'double' to 'float', possible loss of data
C:\Users\Mikhakuv\Desktop\Shkola\infa\C++\Ecosystem third step\Ecosystem third step\Wolf.cpp(135,57): warning C4244: 'argument': conversion from 'float' to 'int', possible loss of data
C:\Users\Mikhakuv\Desktop\Shkola\infa\C++\Ecosystem third step\Ecosystem third step\Wolf.cpp(135,53): warning C4244: 'argument': conversion from 'float' to 'int', possible loss of data
  Generating Code...
  Ecosystem third step.vcxproj -> C:\Users\Mikhakuv\Desktop\Shkola\infa\C++\Ecosystem third step\x64\Debug\Ecosystem third step.exe
